stopping the following units: accounts-daemon.service, systemd-modules-load.service, systemd-sysctl.service
activating the configuration...
setting up /etc...
reloading user units for foxkj...
setting up tmpfiles
reloading the following units: dbus.service
restarting the following units: polkit.service
starting the following units: accounts-daemon.service, systemd-modules-load.service, systemd-sysctl.service
the following new units were started: NetworkManager-dispatcher.service, docker.service, docker.socket, fstrim.timer, proc-sys-fs-binfmt_misc.automount, proc-sys-fs-binfmt_misc.mount, sys-devices-virtual-net-docker0.device, sys-subsystem-net-devices-docker0.device, systemd-binfmt.service
x/store/mag2ryf2bbi79yb5x91hc5vfmlpn0mr1-etc.drv
  /nix/store/i7bsnz8jp15jg9xpv5a452rj4yxpm7q6-nixos-system-nixos-23.11.5328.51063ed4f234.drv
building '/nix/store/gzx0lx6yy3i6wv8dnq83n6iqwsgrji82-dbus-1.drv'...
building '/nix/store/53sx4b6nx1agxrfbxr0f0765d8fyw4rc-X-Restart-Triggers-polkit.drv'...
building '/nix/store/ds535dxjp22z09l74qcajd8rw0z80lkv-unit-accounts-daemon.service.drv'...
building '/nix/store/jz26yaqyc36lmnc3sb8lkgbjni8is2pi-X-Restart-Triggers-dbus.drv'...
building '/nix/store/bcpyr34976dfjbyqdbsynmzyg4v53995-unit-polkit.service.drv'...
building '/nix/store/a7mcj908f51h66j9325czd2xpgzabzba-unit-dbus.service.drv'...
building '/nix/store/rwbbb3x9xyj4rkap8fb2ihgjc7a2kc6i-unit-dbus.service.drv'...
building '/nix/store/rw4zn2m4q8mws6i7lhb44fw80j5qybaz-user-units.drv'...
building '/nix/store/5xd8rniwsmwn1cx8q4qi81kws3s6q4i1-system-units.drv'...
building '/nix/store/mag2ryf2bbi79yb5x91hc5vfmlpn0mr1-etc.drv'...
building '/nix/store/i7bsnz8jp15jg9xpv5a452rj4yxpm7q6-nixos-system-nixos-23.11.5328.51063ed4f234.drv'...
